<?xml version="1.0" encoding="UTF-8"?>
<!-- Generated by org.testng.reporters.JUnitXMLReporter -->
<testsuite ignored="0" hostname="DESKTOP-DHGB96Q" failures="1" tests="4" name="Web Tests" time="92.091" errors="0" timestamp="2026-01-30T20:21:07 IST">
  <testcase classname="sanity.Ness" name="test01_verifySearchForKeyword" time="11.102">
    <failure type="java.lang.AssertionError" message="expected [true] but found [false]">
      <![CDATA[java.lang.AssertionError: expected [true] but found [false]
at extensions.Verifications.verifyTextContainedInElement(Verifications.java:117)
at sanity.Ness.test01_verifySearchForKeyword(Ness.java:30)
at java.base/java.util.ArrayList.forEach(ArrayList.java:1541)
... Removed 35 stack frames]]>
    </failure>
  </testcase> <!-- test01_verifySearchForKeyword -->
  <testcase classname="sanity.Ness" name="test02_verifySubmitContactFormSucessfully" time="10.507"/>
  <testcase classname="sanity.Ness" name="test03_verifyJob" time="21.131"/>
  <testcase classname="sanity.Ness" name="test04_verifyHomeButtonNessIcon" time="6.344"/>
</testsuite> <!-- Web Tests -->
