<?xml version="1.0" encoding="UTF-8"?>
<testng-results ignored="0" total="4" passed="3" failed="1" skipped="0">
  <reporter-output>
  </reporter-output>
  <suite started-at="2026-01-30T20:19:35 IST" name="Web Suite" finished-at="2026-01-30T20:21:07 IST" duration-ms="92091">
    <groups>
    </groups>
    <test started-at="2026-01-30T20:19:35 IST" name="Web Tests" finished-at="2026-01-30T20:21:07 IST" duration-ms="92091">
      <class name="sanity.Ness">
        <test-method is-config="true" signature="startSession(java.lang.String)[pri:0, instance:sanity.Ness@50a3d0f6]" started-at="2026-01-30T20:19:35 IST" name="startSession" finished-at="2026-01-30T20:20:02 IST" duration-ms="26452" status="PASS">
          <params>
            <param index="0">
              <value>
                <![CDATA[web]]>
              </value>
            </param>
          </params>
          <reporter-output>
          </reporter-output>
        </test-method> <!-- startSession -->
        <test-method is-config="true" signature="beforeMethod(java.lang.reflect.Method)[pri:0, instance:sanity.Ness@50a3d0f6]" started-at="2026-01-30T20:20:02 IST" name="beforeMethod" finished-at="2026-01-30T20:20:02 IST" duration-ms="412" status="PASS">
          <params>
            <param index="0">
              <value>
                <![CDATA[public void sanity.Ness.test01_verifySearchForKeyword()]]>
              </value>
            </param>
          </params>
          <reporter-output>
          </reporter-output>
        </test-method> <!-- beforeMethod -->
        <test-method signature="test01_verifySearchForKeyword()[pri:0, instance:sanity.Ness@50a3d0f6]" started-at="2026-01-30T20:20:03 IST" name="test01_verifySearchForKeyword" description="Test01 - Verify search results for a keyword" finished-at="2026-01-30T20:20:14 IST" duration-ms="11102" status="FAIL">
          <exception class="java.lang.AssertionError">
            <message>
              <![CDATA[expected [true] but found [false]]]>
            </message>
            <full-stacktrace>
              <![CDATA[java.lang.AssertionError: expected [true] but found [false]
at org.testng.Assert.fail(Assert.java:99)
at org.testng.Assert.failNotEquals(Assert.java:1037)
at org.testng.Assert.assertTrue(Assert.java:45)
at org.testng.Assert.assertTrue(Assert.java:55)
at extensions.Verifications.verifyTextContainedInElement(Verifications.java:117)
at sanity.Ness.test01_verifySearchForKeyword(Ness.java:30)
at java.base/jdk.internal.reflect.NativeMethodAccessorImpl.invoke0(Native Method)
at java.base/jdk.internal.reflect.NativeMethodAccessorImpl.invoke(NativeMethodAccessorImpl.java:62)
at java.base/jdk.internal.reflect.DelegatingMethodAccessorImpl.invoke(DelegatingMethodAccessorImpl.java:43)
at java.base/java.lang.reflect.Method.invoke(Method.java:566)
at org.testng.internal.MethodInvocationHelper.invokeMethod(MethodInvocationHelper.java:133)
at org.testng.internal.TestInvoker.invokeMethod(TestInvoker.java:598)
at org.testng.internal.TestInvoker.invokeTestMethod(TestInvoker.java:173)
at org.testng.internal.MethodRunner.runInSequence(MethodRunner.java:46)
at org.testng.internal.TestInvoker$MethodInvocationAgent.invoke(TestInvoker.java:824)
at org.testng.internal.TestInvoker.invokeTestMethods(TestInvoker.java:146)
at org.testng.internal.TestMethodWorker.invokeTestMethods(TestMethodWorker.java:146)
at org.testng.internal.TestMethodWorker.run(TestMethodWorker.java:128)
at java.base/java.util.ArrayList.forEach(ArrayList.java:1541)
at org.testng.TestRunner.privateRun(TestRunner.java:794)
at org.testng.TestRunner.run(TestRunner.java:596)
at org.testng.SuiteRunner.runTest(SuiteRunner.java:377)
at org.testng.SuiteRunner.runSequentially(SuiteRunner.java:371)
at org.testng.SuiteRunner.privateRun(SuiteRunner.java:332)
at org.testng.SuiteRunner.run(SuiteRunner.java:276)
at org.testng.SuiteRunnerWorker.runSuite(SuiteRunnerWorker.java:53)
at org.testng.SuiteRunnerWorker.run(SuiteRunnerWorker.java:96)
at org.testng.TestNG.runSuitesSequentially(TestNG.java:1212)
at org.testng.TestNG.runSuitesLocally(TestNG.java:1134)
at org.testng.TestNG.runSuites(TestNG.java:1063)
at org.testng.TestNG.run(TestNG.java:1031)
at org.apache.maven.surefire.testng.TestNGExecutor.run(TestNGExecutor.java:283)
at org.apache.maven.surefire.testng.TestNGXmlTestSuite.execute(TestNGXmlTestSuite.java:75)
at org.apache.maven.surefire.testng.TestNGProvider.invoke(TestNGProvider.java:120)
at org.apache.maven.surefire.booter.ForkedBooter.invokeProviderInSameClassLoader(ForkedBooter.java:384)
at org.apache.maven.surefire.booter.ForkedBooter.runSuitesInProcess(ForkedBooter.java:345)
at org.apache.maven.surefire.booter.ForkedBooter.execute(ForkedBooter.java:126)
at org.apache.maven.surefire.booter.ForkedBooter.main(ForkedBooter.java:418)
]]>
            </full-stacktrace>
          </exception> <!-- java.lang.AssertionError -->
          <reporter-output>
          </reporter-output>
        </test-method> <!-- test01_verifySearchForKeyword -->
        <test-method is-config="true" signature="afterMethod()[pri:0, instance:sanity.Ness@50a3d0f6]" started-at="2026-01-30T20:20:15 IST" name="afterMethod" finished-at="2026-01-30T20:20:16 IST" duration-ms="1130" status="PASS">
          <reporter-output>
          </reporter-output>
        </test-method> <!-- afterMethod -->
        <test-method is-config="true" signature="beforeMethod(java.lang.reflect.Method)[pri:0, instance:sanity.Ness@50a3d0f6]" started-at="2026-01-30T20:20:16 IST" name="beforeMethod" finished-at="2026-01-30T20:20:16 IST" duration-ms="42" status="PASS">
          <params>
            <param index="0">
              <value>
                <![CDATA[public void sanity.Ness.test02_verifySubmitContactFormSucessfully()]]>
              </value>
            </param>
          </params>
          <reporter-output>
          </reporter-output>
        </test-method> <!-- beforeMethod -->
        <test-method signature="test02_verifySubmitContactFormSucessfully()[pri:0, instance:sanity.Ness@50a3d0f6]" started-at="2026-01-30T20:20:16 IST" name="test02_verifySubmitContactFormSucessfully" description="Test02 - Verify successful contact form submission" finished-at="2026-01-30T20:20:26 IST" duration-ms="10507" status="PASS">
          <reporter-output>
          </reporter-output>
        </test-method> <!-- test02_verifySubmitContactFormSucessfully -->
        <test-method is-config="true" signature="afterMethod()[pri:0, instance:sanity.Ness@50a3d0f6]" started-at="2026-01-30T20:20:27 IST" name="afterMethod" finished-at="2026-01-30T20:20:29 IST" duration-ms="2082" status="PASS">
          <reporter-output>
          </reporter-output>
        </test-method> <!-- afterMethod -->
        <test-method is-config="true" signature="beforeMethod(java.lang.reflect.Method)[pri:0, instance:sanity.Ness@50a3d0f6]" started-at="2026-01-30T20:20:29 IST" name="beforeMethod" finished-at="2026-01-30T20:20:29 IST" duration-ms="249" status="PASS">
          <params>
            <param index="0">
              <value>
                <![CDATA[public void sanity.Ness.test03_verifyJob()]]>
              </value>
            </param>
          </params>
          <reporter-output>
          </reporter-output>
        </test-method> <!-- beforeMethod -->
        <test-method signature="test03_verifyJob()[pri:0, instance:sanity.Ness@50a3d0f6]" started-at="2026-01-30T20:20:29 IST" name="test03_verifyJob" description="Test03 - Verify searching for job results" finished-at="2026-01-30T20:20:51 IST" duration-ms="21131" status="PASS">
          <reporter-output>
          </reporter-output>
        </test-method> <!-- test03_verifyJob -->
        <test-method is-config="true" signature="afterMethod()[pri:0, instance:sanity.Ness@50a3d0f6]" started-at="2026-01-30T20:20:51 IST" name="afterMethod" finished-at="2026-01-30T20:20:56 IST" duration-ms="4938" status="PASS">
          <reporter-output>
          </reporter-output>
        </test-method> <!-- afterMethod -->
        <test-method is-config="true" signature="beforeMethod(java.lang.reflect.Method)[pri:0, instance:sanity.Ness@50a3d0f6]" started-at="2026-01-30T20:20:56 IST" name="beforeMethod" finished-at="2026-01-30T20:20:56 IST" duration-ms="27" status="PASS">
          <params>
            <param index="0">
              <value>
                <![CDATA[public void sanity.Ness.test04_verifyHomeButtonNessIcon()]]>
              </value>
            </param>
          </params>
          <reporter-output>
          </reporter-output>
        </test-method> <!-- beforeMethod -->
        <test-method signature="test04_verifyHomeButtonNessIcon()[pri:0, instance:sanity.Ness@50a3d0f6]" started-at="2026-01-30T20:20:56 IST" name="test04_verifyHomeButtonNessIcon" description="Test04 - Verify that the home button displays the Ness logo" finished-at="2026-01-30T20:21:02 IST" duration-ms="6344" status="PASS">
          <reporter-output>
          </reporter-output>
        </test-method> <!-- test04_verifyHomeButtonNessIcon -->
        <test-method is-config="true" signature="afterMethod()[pri:0, instance:sanity.Ness@50a3d0f6]" started-at="2026-01-30T20:21:05 IST" name="afterMethod" finished-at="2026-01-30T20:21:06 IST" duration-ms="1397" status="PASS">
          <reporter-output>
          </reporter-output>
        </test-method> <!-- afterMethod -->
        <test-method is-config="true" signature="closeSession()[pri:0, instance:sanity.Ness@50a3d0f6]" started-at="2026-01-30T20:21:06 IST" name="closeSession" finished-at="2026-01-30T20:21:07 IST" duration-ms="1284" status="PASS">
          <reporter-output>
          </reporter-output>
        </test-method> <!-- closeSession -->
      </class> <!-- sanity.Ness -->
    </test> <!-- Web Tests -->
  </suite> <!-- Web Suite -->
</testng-results>
