<?xml version="1.0" encoding="UTF-8"?>
<testsuite xmlns:xsi="http://www.w3.org/2001/XMLSchema-instance" xsi:noNamespaceSchemaLocation="https://maven.apache.org/surefire/maven-surefire-plugin/xsd/surefire-test-report.xsd" name="TestSuite" time="96.913" tests="4" errors="0" skipped="0" failures="1">
  <properties>
[...]
</properties>
  <testcase name="test01_verifySearchForKeyword" classname="sanity.Ness" time="10.995">
    <failure message="expected [true] but found [false]" type="java.lang.AssertionError">java.lang.AssertionError: expected [true] but found [false]
	at sanity.Ness.test01_verifySearchForKeyword(Ness.java:30)
</failure>
    <system-out><![CDATA[------------ Starting Execution ------------
Error occured while connecting to DB, see details: java.sql.SQLException: Access denied for user 'sql11648865'@'77.137.70.142' (using password: YES)
Recorded Screen Cast File is Now Created
------------ Starting Test: test01_verifySearchForKeyword ------------
actual text is ?????? ??? ???? ???????? ???? 20 ??????
Attunity - ????????, ????? ?????? ????????? ?? ???? ??????
?????? ????? ???? ???
?????? ????? ???? ???
????? ??????? ??????? ?????? ???? ?????? ????? ???? ?????? | Big Data & Analytics
?????? ????? ???? ???
????? ?????? ????????? | ?????? ????????? ???
?????? ????? ???? ???
???? ???? ?? ????? ??? ????? ????? ??????? - ?? ????? ???????? ?????
?????? ????? ???? ???
????? ?????? ?? ??????? microsoft ?????? ???????? - ????? ?? ????? ?????? ???? ness
?????? ????? ???? ???
??????? ??????? ?- sap - ???? ?????????? ?????? ?????? ??????? ??????
?????? ????? ???? ???
?????? ????? ???? ???
Cyber - ??????? ????? ?????? ????? ?????? ?????? ?????????
?????? ????? ???? ???
cloud - ??????? ?????? ??? ???????? ?????? | ??????? ??? ???
?????? ????? ???? ???
Mainframe - ????? ????? ????? ?????? ?????? ???????? | Mainframe ?? ???
?????? ????? ???? ???
?????? ????? ???? ???
?????? ????? ???? ???
?????? ????? ???? ???
?????? ????? ???? ???
?????? ????? ???? ???
?????? ????? ???? ???
?????? ????? ???? ???
NessPRO ?????? ?????? ???? ??????? | ????? ????? ?????? ?? ?? ???
?????? ????? ???? ???
?????? ????? ???? ???
expected text is ?????? ??? ???? ???????? ???? 21 ??????
]]></system-out>
    <system-err><![CDATA[[main] INFO io.github.bonigarcia.wdm.WebDriverManager - Using chromedriver 144.0.7559.109 (resolved driver for Chrome 144)
[main] INFO io.github.bonigarcia.wdm.WebDriverManager - Exporting webdriver.chrome.driver as C:\Users\Yosi\.cache\selenium\chromedriver\win64\144.0.7559.109\chromedriver.exe
Jan 30, 2026 8:19:49 PM org.openqa.selenium.devtools.CdpVersionFinder findNearestMatch
WARNING: Unable to find CDP implementation matching 144
Jan 30, 2026 8:19:49 PM org.openqa.selenium.chromium.ChromiumDriver lambda$new$5
WARNING: Unable to find version of CDP to use for 144.0.7559.97. You may need to include a dependency on a specific version of the CDP using something similar to `org.seleniumhq.selenium:selenium-devtools-v86:4.16.1` where the version ("v86") matches the version of the chromium-based browser you're using and the version number of the artifact is the same as Selenium's.
]]></system-err>
  </testcase>
  <testcase name="test02_verifySubmitContactFormSucessfully" classname="sanity.Ness" time="10.609"/>
  <testcase name="test03_verifyJob" classname="sanity.Ness" time="21.071"/>
  <testcase name="test04_verifyHomeButtonNessIcon" classname="sanity.Ness" time="8.498"/>
</testsuite>